<?xml version="1.0" encoding="UTF-8"?>
<testng-results ignored="0" total="2" passed="2" failed="0" skipped="0">
  <reporter-output>
  </reporter-output>
  <suite started-at="2024-07-18T19:16:52 SAST" name="Default suite" finished-at="2024-07-18T19:17:46 SAST" duration-ms="54253">
    <groups>
    </groups>
    <test started-at="2024-07-18T19:16:52 SAST" name="Default test" finished-at="2024-07-18T19:17:46 SAST" duration-ms="54253">
      <class name="WebTest.AddUsersTest">
        <test-method is-config="true" signature="init()[pri:0, instance:WebTest.AddUsersTest@55183b20]" started-at="2024-07-18T19:16:52 SAST" name="init" finished-at="2024-07-18T19:16:52 SAST" duration-ms="429" status="PASS">
          <reporter-output>
          </reporter-output>
        </test-method> <!-- init -->
        <test-method is-config="true" signature="setUp()[pri:0, instance:WebTest.AddUsersTest@55183b20]" started-at="2024-07-18T19:16:52 SAST" name="setUp" finished-at="2024-07-18T19:16:57 SAST" duration-ms="4947" status="PASS">
          <reporter-output>
          </reporter-output>
        </test-method> <!-- setUp -->
        <test-method is-config="true" signature="navigateToPage()[pri:0, instance:WebTest.AddUsersTest@55183b20]" started-at="2024-07-18T19:16:57 SAST" name="navigateToPage" finished-at="2024-07-18T19:17:21 SAST" duration-ms="23539" status="PASS">
          <reporter-output>
          </reporter-output>
        </test-method> <!-- navigateToPage -->
        <test-method signature="AddUser1()[pri:1, instance:WebTest.AddUsersTest@55183b20]" started-at="2024-07-18T19:17:21 SAST" name="AddUser1" finished-at="2024-07-18T19:17:29 SAST" duration-ms="8310" status="PASS">
          <reporter-output>
          </reporter-output>
        </test-method> <!-- AddUser1 -->
        <test-method is-config="true" signature="navigateToPage()[pri:0, instance:WebTest.AddUsersTest@55183b20]" started-at="2024-07-18T19:17:29 SAST" name="navigateToPage" finished-at="2024-07-18T19:17:36 SAST" duration-ms="7394" status="PASS">
          <reporter-output>
          </reporter-output>
        </test-method> <!-- navigateToPage -->
        <test-method signature="AddUser2()[pri:2, instance:WebTest.AddUsersTest@55183b20]" started-at="2024-07-18T19:17:36 SAST" name="AddUser2" finished-at="2024-07-18T19:17:45 SAST" duration-ms="8166" status="PASS">
          <reporter-output>
          </reporter-output>
        </test-method> <!-- AddUser2 -->
        <test-method is-config="true" signature="tearDown()[pri:0, instance:WebTest.AddUsersTest@55183b20]" started-at="2024-07-18T19:17:45 SAST" name="tearDown" finished-at="2024-07-18T19:17:45 SAST" duration-ms="345" status="PASS">
          <reporter-output>
          </reporter-output>
        </test-method> <!-- tearDown -->
        <test-method is-config="true" signature="aftertest()[pri:0, instance:WebTest.AddUsersTest@55183b20]" started-at="2024-07-18T19:17:45 SAST" name="aftertest" finished-at="2024-07-18T19:17:46 SAST" duration-ms="1064" status="PASS">
          <reporter-output>
          </reporter-output>
        </test-method> <!-- aftertest -->
      </class> <!-- WebTest.AddUsersTest -->
    </test> <!-- Default test -->
  </suite> <!-- Default suite -->
</testng-results>
